<?xml version="1.0" encoding="UTF-8" ?>
<testsuite tests="7" failures="4" name="TestSuite" time="6.516" errors="0" skipped="0">
  <properties>
[...]
</properties>
  <testcase classname="com.sdet.labs.Restful_Web_Services_Test" name="DeleteRequestTest" time="2.019">
    <failure message="expected [200] but found [403]" type="java.lang.AssertionError">java.lang.AssertionError: expected [200] but found [403]
	at org.testng.Assert.fail(Assert.java:96)
	at org.testng.Assert.failNotEquals(Assert.java:776)
	at org.testng.Assert.assertEqualsImpl(Assert.java:137)
	at org.testng.Assert.assertEquals(Assert.java:118)
	at org.testng.Assert.assertEquals(Assert.java:652)
	at org.testng.Assert.assertEquals(Assert.java:662)
	at com.sdet.labs.Restful_Web_Services_Test.DeleteRequestTest(Restful_Web_Services_Test.java:16)
</failure>
    <system-out>Configuring TestNG with: org.apache.maven.surefire.testng.conf.TestNG652Configurator@1c2c22f3
</system-out>
  </testcase>
  <testcase classname="com.sdet.labs.Restful_Web_Services_Test" name="GetRequestTest" time="0.657"/>
  <testcase classname="com.sdet.labs.Restful_Web_Services_Test" name="PatchRequestTest" time="0.514">
    <failure message="expected [200] but found [403]" type="java.lang.AssertionError">java.lang.AssertionError: expected [200] but found [403]
	at org.testng.Assert.fail(Assert.java:96)
	at org.testng.Assert.failNotEquals(Assert.java:776)
	at org.testng.Assert.assertEqualsImpl(Assert.java:137)
	at org.testng.Assert.assertEquals(Assert.java:118)
	at org.testng.Assert.assertEquals(Assert.java:652)
	at org.testng.Assert.assertEquals(Assert.java:662)
	at com.sdet.labs.Restful_Web_Services_Test.PatchRequestTest(Restful_Web_Services_Test.java:26)
</failure>
  </testcase>
  <testcase classname="com.sdet.labs.Restful_Web_Services_Test" name="PostRequestTest" time="1.006">
    <failure message="expected [201] but found [403]" type="java.lang.AssertionError">java.lang.AssertionError: expected [201] but found [403]
	at org.testng.Assert.fail(Assert.java:96)
	at org.testng.Assert.failNotEquals(Assert.java:776)
	at org.testng.Assert.assertEqualsImpl(Assert.java:137)
	at org.testng.Assert.assertEquals(Assert.java:118)
	at org.testng.Assert.assertEquals(Assert.java:652)
	at org.testng.Assert.assertEquals(Assert.java:662)
	at com.sdet.labs.Restful_Web_Services_Test.PostRequestTest(Restful_Web_Services_Test.java:31)
</failure>
  </testcase>
  <testcase classname="com.sdet.labs.Restful_Web_Services_Test" name="PutRequestTest" time="0.907">
    <failure message="expected [200] but found [403]" type="java.lang.AssertionError">java.lang.AssertionError: expected [200] but found [403]
	at org.testng.Assert.fail(Assert.java:96)
	at org.testng.Assert.failNotEquals(Assert.java:776)
	at org.testng.Assert.assertEqualsImpl(Assert.java:137)
	at org.testng.Assert.assertEquals(Assert.java:118)
	at org.testng.Assert.assertEquals(Assert.java:652)
	at org.testng.Assert.assertEquals(Assert.java:662)
	at com.sdet.labs.Restful_Web_Services_Test.PutRequestTest(Restful_Web_Services_Test.java:36)
</failure>
  </testcase>
  <testcase classname="com.sdet.labs.Soap_Web_Services_Test" name="GetRequestTest" time="0.736"/>
  <testcase classname="com.sdet.labs.Soap_Web_Services_Test" name="PostRequestTest" time="0.677"/>
</testsuite>