<?xml version="1.0" encoding="UTF-8"?>
<testng-results ignored="0" total="7" passed="7" failed="0" skipped="0">
  <reporter-output>
  </reporter-output>
  <suite started-at="2023-10-24T22:06:38 SGT" name="Default suite" finished-at="2023-10-24T22:06:46 SGT" duration-ms="7552">
    <groups>
      <group name="cucumber">
        <method signature="AbstractTestNGCucumberTests.runScenario(io.cucumber.testng.PickleWrapper,io.cucumber.testng.FeatureWrapper)[pri:0, instance:cucumberOptions.CucumberRunner@48f278eb]" name="runScenario" class="io.cucumber.testng.AbstractTestNGCucumberTests"/>
      </group> <!-- cucumber -->
    </groups>
    <test started-at="2023-10-24T22:06:38 SGT" name="Default test" finished-at="2023-10-24T22:06:46 SGT" duration-ms="7552">
      <class name="cucumberOptions.CucumberRunner">
        <test-method is-config="true" signature="setUpClass(org.testng.ITestContext)[pri:0, instance:cucumberOptions.CucumberRunner@48f278eb]" started-at="2023-10-24T22:06:38 SGT" name="setUpClass" finished-at="2023-10-24T22:06:38 SGT" duration-ms="398" status="PASS">
          <params>
            <param index="0">
              <value>
                <![CDATA[org.testng.TestRunner@25ffd826]]>
              </value>
            </param>
          </params>
          <reporter-output>
          </reporter-output>
        </test-method> <!-- setUpClass -->
        <test-method signature="runScenario(io.cucumber.testng.PickleWrapper,io.cucumber.testng.FeatureWrapper)[pri:0, instance:cucumberOptions.CucumberRunner@48f278eb]" started-at="2023-10-24T22:06:38 SGT" name="runScenario" description="Runs Cucumber Scenarios" data-provider="scenarios" finished-at="2023-10-24T22:06:40 SGT" duration-ms="1323" status="PASS">
          <params>
            <param index="0">
              <value>
                <![CDATA["Verify Status Codes of Soap Requests to Calculator site."]]>
              </value>
            </param>
            <param index="1">
              <value>
                <![CDATA["Calculator"]]>
              </value>
            </param>
          </params>
          <reporter-output>
          </reporter-output>
        </test-method> <!-- runScenario -->
        <test-method signature="runScenario(io.cucumber.testng.PickleWrapper,io.cucumber.testng.FeatureWrapper)[pri:0, instance:cucumberOptions.CucumberRunner@48f278eb]" started-at="2023-10-24T22:06:40 SGT" name="runScenario" description="Runs Cucumber Scenarios" data-provider="scenarios" finished-at="2023-10-24T22:06:40 SGT" duration-ms="684" status="PASS">
          <params>
            <param index="0">
              <value>
                <![CDATA["Verify Status Codes of Soap Requests to Calculator site."]]>
              </value>
            </param>
            <param index="1">
              <value>
                <![CDATA["Calculator"]]>
              </value>
            </param>
          </params>
          <reporter-output>
          </reporter-output>
        </test-method> <!-- runScenario -->
        <test-method signature="runScenario(io.cucumber.testng.PickleWrapper,io.cucumber.testng.FeatureWrapper)[pri:0, instance:cucumberOptions.CucumberRunner@48f278eb]" started-at="2023-10-24T22:06:40 SGT" name="runScenario" description="Runs Cucumber Scenarios" data-provider="scenarios" finished-at="2023-10-24T22:06:42 SGT" duration-ms="1746" status="PASS">
          <params>
            <param index="0">
              <value>
                <![CDATA["Verify Status Codes of Rest Assured Requests to Json Place Holder site."]]>
              </value>
            </param>
            <param index="1">
              <value>
                <![CDATA["JsonPlaceHolder"]]>
              </value>
            </param>
          </params>
          <reporter-output>
          </reporter-output>
        </test-method> <!-- runScenario -->
        <test-method signature="runScenario(io.cucumber.testng.PickleWrapper,io.cucumber.testng.FeatureWrapper)[pri:0, instance:cucumberOptions.CucumberRunner@48f278eb]" started-at="2023-10-24T22:06:42 SGT" name="runScenario" description="Runs Cucumber Scenarios" data-provider="scenarios" finished-at="2023-10-24T22:06:43 SGT" duration-ms="962" status="PASS">
          <params>
            <param index="0">
              <value>
                <![CDATA["Verify Status Codes of Rest Assured Requests to Json Place Holder site."]]>
              </value>
            </param>
            <param index="1">
              <value>
                <![CDATA["JsonPlaceHolder"]]>
              </value>
            </param>
          </params>
          <reporter-output>
          </reporter-output>
        </test-method> <!-- runScenario -->
        <test-method signature="runScenario(io.cucumber.testng.PickleWrapper,io.cucumber.testng.FeatureWrapper)[pri:0, instance:cucumberOptions.CucumberRunner@48f278eb]" started-at="2023-10-24T22:06:43 SGT" name="runScenario" description="Runs Cucumber Scenarios" data-provider="scenarios" finished-at="2023-10-24T22:06:44 SGT" duration-ms="950" status="PASS">
          <params>
            <param index="0">
              <value>
                <![CDATA["Verify Status Codes of Rest Assured Requests to Json Place Holder site."]]>
              </value>
            </param>
            <param index="1">
              <value>
                <![CDATA["JsonPlaceHolder"]]>
              </value>
            </param>
          </params>
          <reporter-output>
          </reporter-output>
        </test-method> <!-- runScenario -->
        <test-method signature="runScenario(io.cucumber.testng.PickleWrapper,io.cucumber.testng.FeatureWrapper)[pri:0, instance:cucumberOptions.CucumberRunner@48f278eb]" started-at="2023-10-24T22:06:44 SGT" name="runScenario" description="Runs Cucumber Scenarios" data-provider="scenarios" finished-at="2023-10-24T22:06:45 SGT" duration-ms="941" status="PASS">
          <params>
            <param index="0">
              <value>
                <![CDATA["Verify Status Codes of Rest Assured Requests to Json Place Holder site."]]>
              </value>
            </param>
            <param index="1">
              <value>
                <![CDATA["JsonPlaceHolder"]]>
              </value>
            </param>
          </params>
          <reporter-output>
          </reporter-output>
        </test-method> <!-- runScenario -->
        <test-method signature="runScenario(io.cucumber.testng.PickleWrapper,io.cucumber.testng.FeatureWrapper)[pri:0, instance:cucumberOptions.CucumberRunner@48f278eb]" started-at="2023-10-24T22:06:45 SGT" name="runScenario" description="Runs Cucumber Scenarios" data-provider="scenarios" finished-at="2023-10-24T22:06:46 SGT" duration-ms="479" status="PASS">
          <params>
            <param index="0">
              <value>
                <![CDATA["Verify Status Codes of Rest Assured Requests to Json Place Holder site."]]>
              </value>
            </param>
            <param index="1">
              <value>
                <![CDATA["JsonPlaceHolder"]]>
              </value>
            </param>
          </params>
          <reporter-output>
          </reporter-output>
        </test-method> <!-- runScenario -->
        <test-method is-config="true" signature="tearDownClass()[pri:0, instance:cucumberOptions.CucumberRunner@48f278eb]" started-at="2023-10-24T22:06:46 SGT" name="tearDownClass" finished-at="2023-10-24T22:06:46 SGT" duration-ms="1" status="PASS">
          <reporter-output>
          </reporter-output>
        </test-method> <!-- tearDownClass -->
      </class> <!-- cucumberOptions.CucumberRunner -->
    </test> <!-- Default test -->
  </suite> <!-- Default suite -->
</testng-results>
